Case #1: 7
Case #2: 1
Case #3: 1 2
Case #4: 4 9
Case #5: 58241917211166817 123850401026117578 189458884841068339 255067368656019100 320675852470969861 386284336285920622 451892820100871383 517501303915822144 583109787730772905 648718271545723666 692533995737748091
Case #6: 313401299482 680054630351 1046707961220 1413361292089 1780014622958 2146667953827 2513321284696 2879974615565 3142742601411
Case #7: 20101 50404 80707 111010 141313 171616 201919 232222 262525 292828 323131 353434 383737 414040 444343 474646 504949 535252 565555 595858 626161 656464 686767 717070 747373 777676 807979 838282 868585 898888 929191 959494 989797 1000000
Case #8: 1
Case #9: 576460752303423487
Case #10: 14197 35620 57043 78466 99889 121312 142735 164158 185581 207004 228427 249850 271273 292696 314119 335542 356965 378388 399811 421234 442657 464080 485503 506926 528349 549772 571195 592618
Case #11: 23084307896 25937424601
Case #12: 1048020991 2311260577 3574500163 4837739749 6100979335 7364218921 8627458507 9474294685
Case #13: 2353085 5502065 8651045 11800025 14949005 18097985 21246965 24395945 27544925 30693905 33842885 36991865 40140845 43289825 46438805 49587785 52736765 55885745 59034725 62183705 65332685 68481665 71630645
Case #14: 1587880051 3501145357 5414410663 7327675969 9240941275 11154206581 13067471887 14980737193 15624999999
Case #15: 1 2 3 4 5 6 7 8 9 10 11 12 13 14 15 16 17 18 19 20 21 22 23 24 25 26 27 28 29 30 31 32 33 34 35 36 37 38 39 40 41 42 43 44 45 46 47 48 49 50 51 52 53 54 55 56 57 58 59 60 61 62 63 64 65 66 67 68 69 70 71 72 73 74 75 76 77 78 79 80 81 82 83 84 85 86 87 88 89 90 91 92 93 94
Case #16: 1
Case #17: 3135575260016
Case #18: 15577 39076 62575 86074 109573 133072 156571 180070 203569 227068 250567 274066 297565 321064 344563 368062 391561 415060 438559 462058 485557 509056 532555 556054 579553 603052 626551 650050 673549 681472
Case #19: 37 64
Case #20: 131071
Case #21: 50031545098999702
Case #22: 1
Case #23: 49223625627917935 104674735521009874 160125845414101813 215576955307193752 271028065200285691 326479175093377630 381930284986469569 437381394879561508 492832504772653447 548283614665745386 572994802228607677
Case #24: 1 2 3 4
Case #25: 7448704 16500292 24132023
Case #26: 51512022160664821 81919999996454294
Case #27: 1
Case #28: 2583932485391141 5496545228219510 8409157971047879 11321770713876248 14234383456704617 17146996199532986 20059608942361355 20711912837890624
Case #29: 1 2 3 4 5 6 7 8 9 10 11 12 13 14 15 16 17 18 19 20 21 22 23 24 25 26 27 28 29 30 31 32 33 34 35 36 37 38 39 40 41 42 43 44 45 46 47 48 49
Case #30: 54 162 270 378 486 594 702 810 918 1026 1134 1242 1350 1458 1566 1674 1782 1890 1998 2106 2214 2322 2430 2538 2646 2754 2809
Case #31: 43211 98766
Case #32: 274877906943
Case #33: 2251799813685247
Case #34: 80706050403020101 171615141312111010 262524232221201919 353433323130292828 444342414039383737 535251504948474646 626160595857565555 717069686766656464 807978777675747373 898887868584838282 989796959493929191 1000000000000000000
Case #35: 154735 362975 571215 779455 987695 1195935 1404175 1612415 1820655 1874161
Case #36: 1647375651979 3536673602499 5425971553019 7315269503539 9204567454059 9682651996415
Case #37: 3
Case #38: 35184372088831
Case #39: 14626511653049299 20822964865664630
Case #40: 380166965956 824890586507 1269614207058 1714337827609 2159061448160 2603785068711 3048508689262 3493232309813 3937955930364
Case #41: 1 2 3 4 5 6 7 8 9 10 11 12 13 14 15 16 17 18 19 20 21 22 23 24 25 26 27 28 29 30 31 32 33 34 35 36 37 38 39 40 41 42 43 44 45 46 47 48 49 50 51 52 53 54 55 56 57 58 59 60 61 62 63 64 65 66 67 68 69 70
Case #42: 11322597471175 23970179752805 26559922791423
Case #43: 1 2 3
Case #44: 458110544631407 982470921871047 1506831299110687 2031191676350327 2555552053589967 3079912430829607 3604272808069247 4128633185308887 4652993562548527 5177353939788167 5701714317027807 6095689305647863
Case #45: 283876495261 616003952888 948131410515 1280258868142 1612386325769 1944513783396 2276641241023 2608768698650 2799359996277
Case #46: 982190065117 2108928856797 3235667648477 4362406440157 5351914225158
Case #47: 1
Case #48: 1752590266 3864144802 5975699338 8087253874 10198808410 12310362946 14421917482 16533472018 17596287748
Case #49: 529 1348 2167 2986 3805 4096
Case #50: 999999999876543211
Case #51: 1 2 3 4 5 6 7 8 9 10 11 12 13 14 15 16 17 18 19
Case #52: 1
Case #53: 476837158202931
Case #54: 298023223876952931
Case #55: 29059647954955993 61798790902769722 94537933850583451 127277076798397180 160016219746210909 192755362694024638 225494505641838367 258233648589652096 290972791537465825 316478376429531970
Case #56: 148390053388881 318285911616729 488181769844577 658077628072425 827973486300273 997869344528121 1167765202755969 1337661060983817 1507556919211665 1677452777439513
Case #57: 229
Case #58: 19678
Case #59: 450283905890997358
Case #60: 1486 3757 6028 8299 10570 12841 15112 17383 19654
Case #61: 86478117 194980622 303483127 411985632 520488137 628990642 737493147 845995652 954498157 1063000662 1171503167 1280005672 1388508177 1453933498
Case #62: 1 2 3 4 5 6 7 8 9 10
Case #63: 1
Case #64: 452303 1059263 1666223 2273183 2880143 3487103 4094063 4701023 5307983 5914943 6521903 7128863 7735823 7890481
Case #65: 678223049974
Case #66: 10732 26941 43150 59359 75568 91777 107986 124195 140404 156613 172822 189031 205240 221449 237658 253867 270076 286285 302494 318703 334912 351121 367330 383539 389017
Case #67: 15
Case #68: 101 303 505 707 909 1111 1313 1515 1717 1919 2121 2323 2525 2727 2929 3131 3333 3535 3737 3939 4141 4343 4545 4747 4949 5151 5353 5555 5757 5959 6161 6363 6565 6767 6969 7171 7373 7575 7777 7979 8181 8383 8585 8787 8989 9191 9393 9595 9797 9999
Case #69: 1156947 2619752 4082557 5545362 6436318
Case #70: 11298336736 24544662563 37790988390 51037314217 64283640044
Case #71: 288230376151711717
Case #72: 172 445 718
Case #73: 76
Case #74: 28313290959742986 59549783051022857 90786275142302728 96549157373046874
Case #75: 309191941 682354627 1055517313 1428679999 1801842685 2175005371
Case #76: 103685373978029 222409084639893 341132795301757 459856505963621 578580216625485 697303927287349 816027637949213 934751348611077 1053475059272941 1113034787449045
Case #77: 22
Case #78: 48028639 104789756
Case #79: 1 2 3 4 5 6 7 8 9 10 11 12 13 14 15 16 17 18 19 20 21 22 23 24 25 26 27 28 29 30 31 32 33 34 35 36 37 38 39 40 41 42 43 44 45 46 47 48 49 50 51 52 53 54 55 56 57 58 59 60 61 62 63 64 65 66 67 68 69 70 71 72 73 74 75 76 77 78 79 80 81 82 83 84 85 86 87 88 89 90 91 92 93 94 95 96 97 98 99 100
Case #80: 60 180 300 420 540 660 780 900 1020 1140 1260 1380 1500 1620 1740 1860 1980 2100 2220 2340 2460 2580 2700 2820 2940 3060 3180 3300 3420 3481
Case #81: 12 36 60 84 108 121
Case #82: 5 15
Case #83: 431126729304030 907531608260993 952809757913927
Case #84: 2412896778435241 5101553188691651 7790209598948061 10478866009204471
Case #85: 1 2 3 4 5 6 7 8 9 10 11 12 13 14 15 16 17 18 19 20 21 22 23 24 25 26 27 28 29 30 31 32 33 34 35 36 37 38 39 40 41 42 43 44 45 46 47 48 49 50 51 52 53 54 55
Case #86: 1
Case #87: 9360664821 20139612189 25599999557
Case #88: 19834659 44763464 69692269 94621074 119549879 144478684 169407489 194336294 219265099 229345006
Case #89: 1 2 3 4 5 6 7 8 9 10 11 12 13 14 15 16 17 18 19 20 21 22 23 24 25 26 27 28 29 30 31 32 33 34 35 36 37 38 39 40 41 42 43 44 45 46 47
Case #90: 1 2 3 4 5 6 7 8 9 10 11 12 13 14 15 16 17 18 19 20 21 22 23 24 25 26 27 28 29 30 31 32 33 34 35 36 37 38 39 40 41 42 43 44 45 46 47 48 49 50 51 52 53 54 55 56 57 58 59 60 61
Case #91: 1 2 3 4 5 6 7 8 9 10 11 12 13 14 15 16 17 18 19 20 21 22 23 24 25 26 27 28 29 30 31 32 33 34 35 36 37 38 39 40 41 42 43 44 45 46 47 48 49 50 51 52 53 54 55 56 57 58 59 60 61 62 63 64 65 66 67 68 69 70 71 72 73
Case #92: 1
Case #93: 1985229329 4275878553
Case #94: 1
Case #95: 3020101 7060505 11100909 15141313 19181717 23222121 27262525 31302929 35343333 39383737 43424141 47464545 51504949 55545353 59585757 63626161 67666565 71706969 75747373 79787777 83828181 87868585 91908989 95949393 99989797
Case #96: 1
Case #97: 4184157528625 8980630793145 13777104057665 18573577322185 23370050586705 28166523851225
Case #98: 318064087880051 676801332778010 1035538577675969 1394275822573928 1753013067471887 1953124999869846
Case #99: 1 2 3 4 5 6 7 8 9 10 11 12 13 14 15 16 17 18 19 20
Case #100: 71059958660809 152435072611089 233810186561369 315185300511649 396560414461929 477935528412209 559310642362489 640685756312769 722060870263049
